0 info it worked if it ends with ok
1 verbose cli [ 'C:\\Program Files\\nodejs\\node.exe',
1 verbose cli   'C:\\Program Files\\nodejs\\node_modules\\npm\\bin\\npm-cli.js',
1 verbose cli   'install',
1 verbose cli   '--save',
1 verbose cli   'react-less' ]
2 info using npm@2.15.5
3 info using node@v4.4.5
4 verbose install initial load of D:\Work\client licenta\package.json
5 warn package.json react-gulp-task-runner@0.0.2 No repository field.
6 warn package.json react-gulp-task-runner@0.0.2 No license field.
7 verbose installManyTop reading scoped package data from D:\Work\client licenta\node_modules\body-parser\package.json
8 verbose installManyTop reading scoped package data from D:\Work\client licenta\node_modules\browser-sync\package.json
9 verbose installManyTop reading scoped package data from D:\Work\client licenta\node_modules\browserify\package.json
10 verbose installManyTop reading scoped package data from D:\Work\client licenta\node_modules\chalk\package.json
11 verbose installManyTop reading scoped package data from D:\Work\client licenta\node_modules\del\package.json
12 verbose installManyTop reading scoped package data from D:\Work\client licenta\node_modules\envify\package.json
13 verbose installManyTop reading scoped package data from D:\Work\client licenta\node_modules\express\package.json
14 verbose installManyTop reading scoped package data from D:\Work\client licenta\node_modules\gulp\package.json
15 verbose installManyTop reading scoped package data from D:\Work\client licenta\node_modules\gulp-autoprefixer\package.json
16 verbose installManyTop reading scoped package data from D:\Work\client licenta\node_modules\gulp-cached\package.json
17 verbose installManyTop reading scoped package data from D:\Work\client licenta\node_modules\gulp-changed\package.json
18 verbose installManyTop reading scoped package data from D:\Work\client licenta\node_modules\gulp-file-include\package.json
19 verbose installManyTop reading scoped package data from D:\Work\client licenta\node_modules\gulp-if\package.json
20 verbose installManyTop reading scoped package data from D:\Work\client licenta\node_modules\gulp-imagemin\package.json
21 verbose installManyTop reading scoped package data from D:\Work\client licenta\node_modules\gulp-install\package.json
22 verbose installManyTop reading scoped package data from D:\Work\client licenta\node_modules\gulp-jshint\package.json
23 verbose installManyTop reading scoped package data from D:\Work\client licenta\node_modules\gulp-less\package.json
24 verbose installManyTop reading scoped package data from D:\Work\client licenta\node_modules\gulp-notify\package.json
25 verbose installManyTop reading scoped package data from D:\Work\client licenta\node_modules\gulp-react\package.json
26 verbose installManyTop reading scoped package data from D:\Work\client licenta\node_modules\gulp-sourcemaps\package.json
27 verbose installManyTop reading scoped package data from D:\Work\client licenta\node_modules\gulp-strip-debug\package.json
28 verbose installManyTop reading scoped package data from D:\Work\client licenta\node_modules\gulp-svg-sprite\package.json
29 verbose installManyTop reading scoped package data from D:\Work\client licenta\node_modules\gulp-uglify\package.json
30 verbose installManyTop reading scoped package data from D:\Work\client licenta\node_modules\jquery\package.json
31 verbose installManyTop reading scoped package data from D:\Work\client licenta\node_modules\jshint-stylish\package.json
32 verbose installManyTop reading scoped package data from D:\Work\client licenta\node_modules\less\package.json
33 verbose installManyTop reading scoped package data from D:\Work\client licenta\node_modules\pretty-error\package.json
34 verbose installManyTop reading scoped package data from D:\Work\client licenta\node_modules\q\package.json
35 verbose installManyTop reading scoped package data from D:\Work\client licenta\node_modules\react\package.json
36 verbose installManyTop reading scoped package data from D:\Work\client licenta\node_modules\react-cookie\package.json
37 verbose installManyTop reading scoped package data from D:\Work\client licenta\node_modules\react-facebook-login\package.json
38 verbose installManyTop reading scoped package data from D:\Work\client licenta\node_modules\react-router\package.json
39 verbose installManyTop reading scoped package data from D:\Work\client licenta\node_modules\reactify\package.json
40 verbose installManyTop reading scoped package data from D:\Work\client licenta\node_modules\reflux\package.json
41 verbose installManyTop reading scoped package data from D:\Work\client licenta\node_modules\require-dir\package.json
42 verbose installManyTop reading scoped package data from D:\Work\client licenta\node_modules\socket.io\package.json
43 verbose installManyTop reading scoped package data from D:\Work\client licenta\node_modules\superagent\package.json
44 verbose installManyTop reading scoped package data from D:\Work\client licenta\node_modules\svg-sprite\package.json
45 verbose installManyTop reading scoped package data from D:\Work\client licenta\node_modules\vinyl\package.json
46 verbose installManyTop reading scoped package data from D:\Work\client licenta\node_modules\vinyl-buffer\package.json
47 verbose installManyTop reading scoped package data from D:\Work\client licenta\node_modules\vinyl-paths\package.json
48 verbose installManyTop reading scoped package data from D:\Work\client licenta\node_modules\vinyl-source-stream\package.json
49 verbose installManyTop reading scoped package data from D:\Work\client licenta\node_modules\yargs\package.json
50 info package.json vinyl@0.4.6 No license field.
51 info package.json browser-sync@1.9.2 No license field.
52 info package.json gulp-cached@1.1.0 No license field.
53 info package.json gulp-if@1.2.5 No license field.
54 info package.json gulp-notify@2.2.0 No license field.
55 info package.json q@1.4.1 license should be a valid SPDX license expression
56 info package.json require-dir@0.1.0 No license field.
57 info package.json yargs@1.3.3 license should be a valid SPDX license expression
58 verbose readDependencies loading dependencies from D:\Work\client licenta\package.json
59 silly cache add args [ 'react-less', null ]
60 verbose cache add spec react-less
61 silly cache add parsed spec Result {
61 silly cache add   raw: 'react-less',
61 silly cache add   scope: null,
61 silly cache add   name: 'react-less',
61 silly cache add   rawSpec: '',
61 silly cache add   spec: 'latest',
61 silly cache add   type: 'tag' }
62 silly addNamed react-less@latest
63 verbose addNamed "latest" is being treated as a dist-tag for react-less
64 info addNameTag [ 'react-less', 'latest' ]
65 silly mapToRegistry name react-less
66 silly mapToRegistry using default registry
67 silly mapToRegistry registry https://registry.npmjs.org/
68 silly mapToRegistry data Result {
68 silly mapToRegistry   raw: 'react-less',
68 silly mapToRegistry   scope: null,
68 silly mapToRegistry   name: 'react-less',
68 silly mapToRegistry   rawSpec: '',
68 silly mapToRegistry   spec: 'latest',
68 silly mapToRegistry   type: 'tag' }
69 silly mapToRegistry uri https://registry.npmjs.org/react-less
70 verbose addNameTag registry:https://registry.npmjs.org/react-less not in flight; fetching
71 verbose request uri https://registry.npmjs.org/react-less
72 verbose request no auth needed
73 info attempt registry request try #1 at 12:17:34 AM
74 verbose request id 6ad62020568dd799
75 http request GET https://registry.npmjs.org/react-less
76 http 404 https://registry.npmjs.org/react-less
77 verbose headers { 'content-type': 'application/json',
77 verbose headers   'cache-control': 'max-age=0',
77 verbose headers   'content-length': '2',
77 verbose headers   'accept-ranges': 'bytes',
77 verbose headers   date: 'Sun, 26 Jun 2016 21:17:32 GMT',
77 verbose headers   via: '1.1 varnish',
77 verbose headers   age: '0',
77 verbose headers   connection: 'keep-alive',
77 verbose headers   'x-served-by': 'cache-fra1234-FRA',
77 verbose headers   'x-cache': 'MISS',
77 verbose headers   'x-cache-hits': '0',
77 verbose headers   'x-timer': 'S1466975852.882483,VS0,VE105',
77 verbose headers   vary: 'Accept-Encoding' }
78 silly get cb [ 404,
78 silly get   { 'content-type': 'application/json',
78 silly get     'cache-control': 'max-age=0',
78 silly get     'content-length': '2',
78 silly get     'accept-ranges': 'bytes',
78 silly get     date: 'Sun, 26 Jun 2016 21:17:32 GMT',
78 silly get     via: '1.1 varnish',
78 silly get     age: '0',
78 silly get     connection: 'keep-alive',
78 silly get     'x-served-by': 'cache-fra1234-FRA',
78 silly get     'x-cache': 'MISS',
78 silly get     'x-cache-hits': '0',
78 silly get     'x-timer': 'S1466975852.882483,VS0,VE105',
78 silly get     vary: 'Accept-Encoding' } ]
79 verbose stack Error: Registry returned 404 for GET on https://registry.npmjs.org/react-less
79 verbose stack     at makeError (C:\Program Files\nodejs\node_modules\npm\node_modules\npm-registry-client\lib\request.js:264:12)
79 verbose stack     at CachingRegistryClient.<anonymous> (C:\Program Files\nodejs\node_modules\npm\node_modules\npm-registry-client\lib\request.js:242:14)
79 verbose stack     at Request._callback (C:\Program Files\nodejs\node_modules\npm\node_modules\npm-registry-client\lib\request.js:172:14)
79 verbose stack     at Request.self.callback (C:\Program Files\nodejs\node_modules\npm\node_modules\request\request.js:200:22)
79 verbose stack     at emitTwo (events.js:87:13)
79 verbose stack     at Request.emit (events.js:172:7)
79 verbose stack     at Request.<anonymous> (C:\Program Files\nodejs\node_modules\npm\node_modules\request\request.js:1067:10)
79 verbose stack     at emitOne (events.js:82:20)
79 verbose stack     at Request.emit (events.js:169:7)
79 verbose stack     at IncomingMessage.<anonymous> (C:\Program Files\nodejs\node_modules\npm\node_modules\request\request.js:988:12)
80 verbose statusCode 404
81 verbose pkgid react-less
82 verbose cwd D:\Work\client licenta
83 error Windows_NT 10.0.10586
84 error argv "C:\\Program Files\\nodejs\\node.exe" "C:\\Program Files\\nodejs\\node_modules\\npm\\bin\\npm-cli.js" "install" "--save" "react-less"
85 error node v4.4.5
86 error npm  v2.15.5
87 error code E404
88 error 404 Registry returned 404 for GET on https://registry.npmjs.org/react-less
88 error 404
88 error 404 'react-less' is not in the npm registry.
88 error 404 You should bug the author to publish it (or use the name yourself!)
88 error 404 It was specified as a dependency of 'react-gulp-task-runner'
88 error 404
88 error 404 Note that you can also install from a
88 error 404 tarball, folder, http url, or git url.
89 verbose exit [ 1, true ]
